TN:
SF:c:\Users\Ezra\Documents\GitHub\assignment-00-class-profile-EleihAmonsul\utils\collectjson.js
FN:16,readAll
FN:52,sanitizeJSON
FN:92,(anonymous_2)
FNF:3
FNH:0
FNDA:0,readAll
FNDA:0,sanitizeJSON
FNDA:0,(anonymous_2)
DA:4,0
DA:9,0
DA:21,0
DA:22,0
DA:23,0
DA:26,0
DA:28,0
DA:30,0
DA:31,0
DA:35,0
DA:36,0
DA:39,0
DA:40,0
DA:42,0
DA:44,0
DA:53,0
DA:56,0
DA:57,0
DA:58,0
DA:60,0
DA:61,0
DA:63,0
DA:64,0
DA:66,0
DA:67,0
DA:69,0
DA:71,0
DA:73,0
DA:74,0
DA:76,0
DA:77,0
DA:78,0
DA:80,0
DA:81,0
DA:82,0
DA:83,0
DA:89,0
DA:92,0
DA:93,0
DA:94,0
DA:97,0
LF:41
LH:0
BRDA:21,0,0,0
BRDA:21,0,1,0
BRDA:35,1,0,0
BRDA:35,1,1,0
BRDA:39,2,0,0
BRDA:39,2,1,0
BRDA:56,3,0,0
BRDA:56,3,1,0
BRDA:66,4,0,0
BRDA:66,4,1,0
BRDA:73,5,0,0
BRDA:73,5,1,0
BRDA:77,6,0,0
BRDA:77,6,1,0
BRDA:93,7,0,0
BRDA:93,7,1,0
BRF:16
BRH:0
end_of_record
